<?xml version="1.0" encoding="UTF-8"?>
<!-- Generated by org.testng.reporters.JUnitXMLReporter -->
<testsuite hostname="KALYAN" ignored="0" name="Test" tests="2" failures="0" timestamp="26 May 2020 07:59:21 GMT" time="0.093" errors="0">
  <testcase name="@BeforeClass setup" time="0.0" classname="com.automation.pages.BaseClass">
    <failure type="java.lang.NullPointerException">
      <![CDATA[java.lang.NullPointerException
	at com.automation.utility.BrowserFactory.startApplication(BrowserFactory.java:31)
	at com.automation.pages.BaseClass.setup(BaseClass.java:53)
... Removed 29 stack frames]]>
    </failure>
  </testcase> <!-- @BeforeClass setup -->
  <testcase name="@AfterMethod tearDownMethod" time="0.0" classname="com.automation.pages.BaseClass">
    <skipped/>
  </testcase> <!-- @AfterMethod tearDownMethod -->
  <testcase name="@AfterMethod tearDownMethod" time="0.0" classname="com.automation.pages.BaseClass">
    <skipped/>
  </testcase> <!-- @AfterMethod tearDownMethod -->
  <testcase name="@AfterClass tearDown" time="0.0" classname="com.automation.pages.BaseClass">
    <skipped/>
  </testcase> <!-- @AfterClass tearDown -->
  <testcase name="loginApp" time="0.004" classname="com.automation.testcases.LoginTestCRM">
    <skipped/>
  </testcase> <!-- loginApp -->
  <testcase name="loginApp1" time="0.013" classname="com.automation.testcases.LoginTestCRM">
    <skipped/>
  </testcase> <!-- loginApp1 -->
</testsuite> <!-- Test -->
